<?xml version="1.0" encoding="UTF-8"?>
<!-- Generated by org.testng.reporters.JUnitXMLReporter -->
<testsuite ignored="0" hostname="Kalyans-MBP" failures="1" tests="2" name="Surefire test" time="7.652" errors="0" timestamp="2021-09-13T20:27:12 CDT">
  <testcase classname="io.cucumber.testng.AbstractTestNGCucumberTests" name="runScenario" time="1.469">
    <failure type="io.cucumber.testng.UndefinedStepException" message="The step &amp;quot;I am navigating to the site https://www.demoqa.com/elements&amp;quot; is undefined. You can implement it using the snippet(s) below:

@Given(&amp;quot;I am navigating to the site https:\\/\\/www.demoqa.com\\/elements&amp;quot;)
public void i_am_navigating_to_the_site_https_www_demoqa_com_elements() {
    // Write code here that turns the phrase above into concrete actions
    throw new io.cucumber.java.PendingException();
}
">
      <![CDATA[io.cucumber.testng.UndefinedStepException: The step "I am navigating to the site https://www.demoqa.com/elements" is undefined. You can implement it using the snippet(s) below:

@Given("I am navigating to the site https:\\/\\/www.demoqa.com\\/elements")
public void i_am_navigating_to_the_site_https_www_demoqa_com_elements() {
    // Write code here that turns the phrase above into concrete actions
    throw new io.cucumber.java.PendingException();
}

at io.cucumber.testng.TestCaseResultObserver.assertTestCasePassed(TestCaseResultObserver.java:112)
at io.cucumber.testng.TestNGCucumberRunner.runScenario(TestNGCucumberRunner.java:125)
at io.cucumber.testng.AbstractTestNGCucumberTests.runScenario(AbstractTestNGCucumberTests.java:29)
at java.base/java.util.ArrayList.forEach(ArrayList.java:1511)
... Removed 32 stack frames]]>
    </failure>
  </testcase> <!-- runScenario -->
  <testcase classname="io.cucumber.testng.AbstractTestNGCucumberTests" name="runScenario" time="5.893"/>
</testsuite> <!-- Surefire test -->
